<?xml version="1.0" encoding="UTF-8"?>
<!-- Generated by org.testng.reporters.JUnitReportReporter -->
<testsuite skipped="0" hostname="DESKTOP-5U1OGUE" name="com.testng.test.Firsttest" tests="1" failures="0" timestamp="15 Sep 2018 08:14:34 GMT" time="5.234" errors="0">
  <testcase name="test1" time="5.234" classname="com.testng.test.Firsttest"/>
</testsuite> <!-- com.testng.test.Firsttest -->
