<?xml version="1.0" encoding="UTF-8"?>
<!-- Generated by org.testng.reporters.JUnitReportReporter -->
<testsuite skipped="0" hostname="DESKTOP-5U1OGUE" name="com.testng.test.Second" tests="1" failures="0" timestamp="15 Sep 2018 08:14:34 GMT" time="9.781" errors="0">
  <testcase name="test1" time="9.781" classname="com.testng.test.Second"/>
</testsuite> <!-- com.testng.test.Second -->
