<?xml version="1.0" encoding="UTF-8"?>
<!-- Generated by org.testng.reporters.JUnitReportReporter -->
<testsuite skipped="0" hostname="DESKTOP-5U1OGUE" name="com.testng.test.DataDriven" tests="3" failures="0" timestamp="22 Sep 2018 08:56:51 GMT" time="0.019" errors="0">
  <testcase name="setdata" time="0.019" classname="com.testng.test.DataDriven"/>
  <testcase name="setdata" time="0.000" classname="com.testng.test.DataDriven"/>
  <testcase name="setdata" time="0.000" classname="com.testng.test.DataDriven"/>
</testsuite> <!-- com.testng.test.DataDriven -->
