<?xml version="1.0" encoding="UTF-8"?>
<!-- Generated by org.testng.reporters.JUnitReportReporter -->
<testsuite skipped="0" hostname="DESKTOP-5U1OGUE" name="com.test.B" tests="1" failures="0" timestamp="12 Sep 2018 10:02:45 GMT" time="15.485" errors="0">
  <testcase name="testm2" time="15.485" classname="com.test.B"/>
</testsuite> <!-- com.test.B -->
