<?xml version="1.0" encoding="UTF-8"?>
<!-- Generated by org.testng.reporters.JUnitReportReporter -->
<testsuite skipped="0" hostname="DESKTOP-5U1OGUE" name="com.test.A" tests="1" failures="0" timestamp="12 Sep 2018 10:02:45 GMT" time="14.737" errors="0">
  <testcase name="testm1" time="14.737" classname="com.test.A"/>
</testsuite> <!-- com.test.A -->
